<?xml version="1.0" encoding="UTF-8"?>
<!-- Generated by org.testng.reporters.JUnitReportReporter -->
<testsuite hostname="LAPTOP-TSCUKP0I" failures="0" tests="4" name="Testcase.LoginTest" time="5.140" errors="0" timestamp="2024-03-21T12:10:28 IST" skipped="0">
  <testcase classname="Testcase.LoginTest" name="logincase" time="0.528"/>
  <system-out/>
  <testcase classname="Testcase.LoginTest" name="logincase" time="2.943"/>
  <system-out/>
  <testcase classname="Testcase.LoginTest" name="logincase" time="0.202"/>
  <system-out/>
  <testcase classname="Testcase.LoginTest" name="logincase" time="1.467"/>
  <system-out/>
</testsuite> <!-- Testcase.LoginTest -->
