<?xml version="1.0" encoding="UTF-8"?>
<!-- Generated by org.testng.reporters.JUnitReportReporter -->
<testsuite hostname="LAPTOP-TSCUKP0I" failures="0" tests="4" name="Testcase.LoginTest" time="4.016" errors="0" timestamp="2024-03-28T10:07:27 IST" skipped="0">
  <testcase classname="Testcase.LoginTest" name="logincase" time="1.072"/>
  <system-out/>
  <testcase classname="Testcase.LoginTest" name="logincase" time="1.415"/>
  <system-out/>
  <testcase classname="Testcase.LoginTest" name="logincase" time="0.433"/>
  <system-out/>
  <testcase classname="Testcase.LoginTest" name="logincase" time="1.096"/>
  <system-out/>
</testsuite> <!-- Testcase.LoginTest -->
