<?xml version="1.0" encoding="UTF-8"?>
<!-- Generated by org.testng.reporters.JUnitReportReporter -->
<testsuite hostname="LAPTOP-TSCUKP0I" failures="0" tests="1" name="Testcase.LogoutTestcase" time="2.934" errors="0" timestamp="2024-03-28T10:07:27 IST" skipped="0">
  <testcase classname="Testcase.LogoutTestcase" name="logout" time="2.934"/>
  <system-out/>
</testsuite> <!-- Testcase.LogoutTestcase -->
