<?xml version="1.0" encoding="UTF-8"?>
<!-- Generated by org.testng.reporters.JUnitReportReporter -->
<testsuite hostname="LAPTOP-TSCUKP0I" failures="0" tests="4" name="Testcase.LoginTest" time="5.769" errors="0" timestamp="2024-03-24T14:14:10 IST" skipped="0">
  <testcase classname="Testcase.LoginTest" name="logincase" time="0.244"/>
  <system-out/>
  <testcase classname="Testcase.LoginTest" name="logincase" time="1.304"/>
  <system-out/>
  <testcase classname="Testcase.LoginTest" name="logincase" time="2.831"/>
  <system-out/>
  <testcase classname="Testcase.LoginTest" name="logincase" time="1.390"/>
  <system-out/>
</testsuite> <!-- Testcase.LoginTest -->
