<?xml version="1.0" encoding="UTF-8"?>
<!-- Generated by org.testng.reporters.JUnitReportReporter -->
<testsuite hostname="LAPTOP-TSCUKP0I" failures="0" tests="1" name="Testcase.ContactTestcase" time="13.692" errors="0" timestamp="2024-03-24T14:14:10 IST" skipped="0">
  <testcase classname="Testcase.ContactTestcase" name="contactcase" time="13.692"/>
  <system-out/>
</testsuite> <!-- Testcase.ContactTestcase -->
